[0.249s] Invoking command in '/home/locobot/interbotix_ws/src/interbotix_ros_rovers/interbotix_ros_xslocobots/interbotix_xslocobot_control/build/interbotix_xslocobot_control': CMAKE_PREFIX_PATH=${CMAKE_PREFIX_PATH}:/home/locobot/interbotix_ws/install/interbotix_xs_modules:/home/locobot/interbotix_ws/install/interbotix_perception_modules:/home/locobot/interbotix_ws/install/interbotix_common_modules:/opt/ros/galactic /usr/bin/cmake --build /home/locobot/interbotix_ws/src/interbotix_ros_rovers/interbotix_ros_xslocobots/interbotix_xslocobot_control/build/interbotix_xslocobot_control -- -j4 -l4
[0.288s] Invoked command in '/home/locobot/interbotix_ws/src/interbotix_ros_rovers/interbotix_ros_xslocobots/interbotix_xslocobot_control/build/interbotix_xslocobot_control' returned '0': CMAKE_PREFIX_PATH=${CMAKE_PREFIX_PATH}:/home/locobot/interbotix_ws/install/interbotix_xs_modules:/home/locobot/interbotix_ws/install/interbotix_perception_modules:/home/locobot/interbotix_ws/install/interbotix_common_modules:/opt/ros/galactic /usr/bin/cmake --build /home/locobot/interbotix_ws/src/interbotix_ros_rovers/interbotix_ros_xslocobots/interbotix_xslocobot_control/build/interbotix_xslocobot_control -- -j4 -l4
[0.322s] Invoking command in '/home/locobot/interbotix_ws/src/interbotix_ros_rovers/interbotix_ros_xslocobots/interbotix_xslocobot_control/build/interbotix_xslocobot_control': CMAKE_PREFIX_PATH=${CMAKE_PREFIX_PATH}:/home/locobot/interbotix_ws/install/interbotix_xs_modules:/home/locobot/interbotix_ws/install/interbotix_perception_modules:/home/locobot/interbotix_ws/install/interbotix_common_modules:/opt/ros/galactic /usr/bin/cmake --install /home/locobot/interbotix_ws/src/interbotix_ros_rovers/interbotix_ros_xslocobots/interbotix_xslocobot_control/build/interbotix_xslocobot_control
[0.331s] -- Install configuration: ""
[0.331s] -- Up-to-date: /home/locobot/interbotix_ws/src/interbotix_ros_rovers/interbotix_ros_xslocobots/interbotix_xslocobot_control/install/interbotix_xslocobot_control/lib/interbotix_xslocobot_control/bartender.py
[0.331s] -- Up-to-date: /home/locobot/interbotix_ws/src/interbotix_ros_rovers/interbotix_ros_xslocobots/interbotix_xslocobot_control/install/interbotix_xslocobot_control/lib/interbotix_xslocobot_control/combo_control.py
[0.331s] -- Up-to-date: /home/locobot/interbotix_ws/src/interbotix_ros_rovers/interbotix_ros_xslocobots/interbotix_xslocobot_control/install/interbotix_xslocobot_control/lib/interbotix_xslocobot_control/ee_cartesian_trajectory.py
[0.331s] -- Up-to-date: /home/locobot/interbotix_ws/src/interbotix_ros_rovers/interbotix_ros_xslocobots/interbotix_xslocobot_control/install/interbotix_xslocobot_control/lib/interbotix_xslocobot_control/ee_pose_components.py
[0.332s] -- Up-to-date: /home/locobot/interbotix_ws/src/interbotix_ros_rovers/interbotix_ros_xslocobots/interbotix_xslocobot_control/install/interbotix_xslocobot_control/lib/interbotix_xslocobot_control/ee_pose_matrix_control.py
[0.332s] -- Installing: /home/locobot/interbotix_ws/src/interbotix_ros_rovers/interbotix_ros_xslocobots/interbotix_xslocobot_control/install/interbotix_xslocobot_control/lib/interbotix_xslocobot_control/gripper_control.py
[0.332s] -- Up-to-date: /home/locobot/interbotix_ws/src/interbotix_ros_rovers/interbotix_ros_xslocobots/interbotix_xslocobot_control/install/interbotix_xslocobot_control/lib/interbotix_xslocobot_control/joint_position_control.py
[0.332s] -- Up-to-date: /home/locobot/interbotix_ws/src/interbotix_ros_rovers/interbotix_ros_xslocobots/interbotix_xslocobot_control/install/interbotix_xslocobot_control/lib/interbotix_xslocobot_control/joint_pwm_control.py
[0.332s] -- Up-to-date: /home/locobot/interbotix_ws/src/interbotix_ros_rovers/interbotix_ros_xslocobots/interbotix_xslocobot_control/install/interbotix_xslocobot_control/lib/interbotix_xslocobot_control/move_base.py
[0.332s] -- Up-to-date: /home/locobot/interbotix_ws/src/interbotix_ros_rovers/interbotix_ros_xslocobots/interbotix_xslocobot_control/install/interbotix_xslocobot_control/lib/interbotix_xslocobot_control/pan_tilt_control.py
[0.332s] -- Up-to-date: /home/locobot/interbotix_ws/src/interbotix_ros_rovers/interbotix_ros_xslocobots/interbotix_xslocobot_control/install/interbotix_xslocobot_control/share/interbotix_xslocobot_control//config
[0.333s] -- Up-to-date: /home/locobot/interbotix_ws/src/interbotix_ros_rovers/interbotix_ros_xslocobots/interbotix_xslocobot_control/install/interbotix_xslocobot_control/share/interbotix_xslocobot_control//config/locobot_wx200.yaml
[0.333s] -- Up-to-date: /home/locobot/interbotix_ws/src/interbotix_ros_rovers/interbotix_ros_xslocobots/interbotix_xslocobot_control/install/interbotix_xslocobot_control/share/interbotix_xslocobot_control//config/rs_camera.yaml
[0.333s] -- Up-to-date: /home/locobot/interbotix_ws/src/interbotix_ros_rovers/interbotix_ros_xslocobots/interbotix_xslocobot_control/install/interbotix_xslocobot_control/share/interbotix_xslocobot_control//config/kobuki_node_params.yaml
[0.333s] -- Up-to-date: /home/locobot/interbotix_ws/src/interbotix_ros_rovers/interbotix_ros_xslocobots/interbotix_xslocobot_control/install/interbotix_xslocobot_control/share/interbotix_xslocobot_control//config/locobot_base.yaml
[0.333s] -- Up-to-date: /home/locobot/interbotix_ws/src/interbotix_ros_rovers/interbotix_ros_xslocobots/interbotix_xslocobot_control/install/interbotix_xslocobot_control/share/interbotix_xslocobot_control//config/modes_base.yaml
[0.333s] -- Up-to-date: /home/locobot/interbotix_ws/src/interbotix_ros_rovers/interbotix_ros_xslocobots/interbotix_xslocobot_control/install/interbotix_xslocobot_control/share/interbotix_xslocobot_control//config/locobot_px100.yaml
[0.333s] -- Up-to-date: /home/locobot/interbotix_ws/src/interbotix_ros_rovers/interbotix_ros_xslocobots/interbotix_xslocobot_control/install/interbotix_xslocobot_control/share/interbotix_xslocobot_control//config/locobot_wx250s.yaml
[0.333s] -- Up-to-date: /home/locobot/interbotix_ws/src/interbotix_ros_rovers/interbotix_ros_xslocobots/interbotix_xslocobot_control/install/interbotix_xslocobot_control/share/interbotix_xslocobot_control//config/modes_all.yaml
[0.333s] -- Up-to-date: /home/locobot/interbotix_ws/src/interbotix_ros_rovers/interbotix_ros_xslocobots/interbotix_xslocobot_control/install/interbotix_xslocobot_control/share/interbotix_xslocobot_control//config/tf_rebroadcaster.yaml
[0.333s] -- Up-to-date: /home/locobot/interbotix_ws/src/interbotix_ros_rovers/interbotix_ros_xslocobots/interbotix_xslocobot_control/install/interbotix_xslocobot_control/share/interbotix_xslocobot_control//launch
[0.334s] -- Up-to-date: /home/locobot/interbotix_ws/src/interbotix_ros_rovers/interbotix_ros_xslocobots/interbotix_xslocobot_control/install/interbotix_xslocobot_control/share/interbotix_xslocobot_control//launch/xslocobot_control.launch.py
[0.334s] -- Up-to-date: /home/locobot/interbotix_ws/src/interbotix_ros_rovers/interbotix_ros_xslocobots/interbotix_xslocobot_control/install/interbotix_xslocobot_control/share/ament_index/resource_index/package_run_dependencies/interbotix_xslocobot_control
[0.334s] -- Up-to-date: /home/locobot/interbotix_ws/src/interbotix_ros_rovers/interbotix_ros_xslocobots/interbotix_xslocobot_control/install/interbotix_xslocobot_control/share/ament_index/resource_index/parent_prefix_path/interbotix_xslocobot_control
[0.334s] -- Up-to-date: /home/locobot/interbotix_ws/src/interbotix_ros_rovers/interbotix_ros_xslocobots/interbotix_xslocobot_control/install/interbotix_xslocobot_control/share/interbotix_xslocobot_control/environment/ament_prefix_path.sh
[0.334s] -- Up-to-date: /home/locobot/interbotix_ws/src/interbotix_ros_rovers/interbotix_ros_xslocobots/interbotix_xslocobot_control/install/interbotix_xslocobot_control/share/interbotix_xslocobot_control/environment/ament_prefix_path.dsv
[0.334s] -- Up-to-date: /home/locobot/interbotix_ws/src/interbotix_ros_rovers/interbotix_ros_xslocobots/interbotix_xslocobot_control/install/interbotix_xslocobot_control/share/interbotix_xslocobot_control/environment/path.sh
[0.334s] -- Up-to-date: /home/locobot/interbotix_ws/src/interbotix_ros_rovers/interbotix_ros_xslocobots/interbotix_xslocobot_control/install/interbotix_xslocobot_control/share/interbotix_xslocobot_control/environment/path.dsv
[0.334s] -- Up-to-date: /home/locobot/interbotix_ws/src/interbotix_ros_rovers/interbotix_ros_xslocobots/interbotix_xslocobot_control/install/interbotix_xslocobot_control/share/interbotix_xslocobot_control/local_setup.bash
[0.334s] -- Up-to-date: /home/locobot/interbotix_ws/src/interbotix_ros_rovers/interbotix_ros_xslocobots/interbotix_xslocobot_control/install/interbotix_xslocobot_control/share/interbotix_xslocobot_control/local_setup.sh
[0.334s] -- Up-to-date: /home/locobot/interbotix_ws/src/interbotix_ros_rovers/interbotix_ros_xslocobots/interbotix_xslocobot_control/install/interbotix_xslocobot_control/share/interbotix_xslocobot_control/local_setup.zsh
[0.334s] -- Up-to-date: /home/locobot/interbotix_ws/src/interbotix_ros_rovers/interbotix_ros_xslocobots/interbotix_xslocobot_control/install/interbotix_xslocobot_control/share/interbotix_xslocobot_control/local_setup.dsv
[0.335s] -- Up-to-date: /home/locobot/interbotix_ws/src/interbotix_ros_rovers/interbotix_ros_xslocobots/interbotix_xslocobot_control/install/interbotix_xslocobot_control/share/interbotix_xslocobot_control/package.dsv
[0.335s] -- Up-to-date: /home/locobot/interbotix_ws/src/interbotix_ros_rovers/interbotix_ros_xslocobots/interbotix_xslocobot_control/install/interbotix_xslocobot_control/share/ament_index/resource_index/packages/interbotix_xslocobot_control
[0.335s] -- Up-to-date: /home/locobot/interbotix_ws/src/interbotix_ros_rovers/interbotix_ros_xslocobots/interbotix_xslocobot_control/install/interbotix_xslocobot_control/share/interbotix_xslocobot_control/cmake/interbotix_xslocobot_controlConfig.cmake
[0.335s] -- Up-to-date: /home/locobot/interbotix_ws/src/interbotix_ros_rovers/interbotix_ros_xslocobots/interbotix_xslocobot_control/install/interbotix_xslocobot_control/share/interbotix_xslocobot_control/cmake/interbotix_xslocobot_controlConfig-version.cmake
[0.335s] -- Up-to-date: /home/locobot/interbotix_ws/src/interbotix_ros_rovers/interbotix_ros_xslocobots/interbotix_xslocobot_control/install/interbotix_xslocobot_control/share/interbotix_xslocobot_control/package.xml
[0.336s] Invoked command in '/home/locobot/interbotix_ws/src/interbotix_ros_rovers/interbotix_ros_xslocobots/interbotix_xslocobot_control/build/interbotix_xslocobot_control' returned '0': CMAKE_PREFIX_PATH=${CMAKE_PREFIX_PATH}:/home/locobot/interbotix_ws/install/interbotix_xs_modules:/home/locobot/interbotix_ws/install/interbotix_perception_modules:/home/locobot/interbotix_ws/install/interbotix_common_modules:/opt/ros/galactic /usr/bin/cmake --install /home/locobot/interbotix_ws/src/interbotix_ros_rovers/interbotix_ros_xslocobots/interbotix_xslocobot_control/build/interbotix_xslocobot_control
