[0.247s] Invoking command in '/home/locobot/interbotix_ws/src/interbotix_ros_rovers/interbotix_ros_xslocobots/interbotix_xslocobot_control/build/interbotix_xslocobot_control': CMAKE_PREFIX_PATH=${CMAKE_PREFIX_PATH}:/home/locobot/interbotix_ws/install/interbotix_xs_modules:/home/locobot/interbotix_ws/install/interbotix_perception_modules:/home/locobot/interbotix_ws/install/interbotix_common_modules:/opt/ros/galactic /usr/bin/cmake /home/locobot/interbotix_ws/src/interbotix_ros_rovers/interbotix_ros_xslocobots/interbotix_xslocobot_control -DCMAKE_INSTALL_PREFIX=/home/locobot/interbotix_ws/src/interbotix_ros_rovers/interbotix_ros_xslocobots/interbotix_xslocobot_control/install/interbotix_xslocobot_control
[0.380s] -- The C compiler identification is GNU 9.4.0
[0.471s] -- The CXX compiler identification is GNU 9.4.0
[0.479s] -- Check for working C compiler: /usr/bin/cc
[0.548s] -- Check for working C compiler: /usr/bin/cc -- works
[0.549s] -- Detecting C compiler ABI info
[0.613s] -- Detecting C compiler ABI info - done
[0.625s] -- Detecting C compile features
[0.625s] -- Detecting C compile features - done
[0.627s] -- Check for working CXX compiler: /usr/bin/c++
[0.696s] -- Check for working CXX compiler: /usr/bin/c++ -- works
[0.697s] -- Detecting CXX compiler ABI info
[0.769s] -- Detecting CXX compiler ABI info - done
[0.780s] -- Detecting CXX compile features
[0.780s] -- Detecting CXX compile features - done
[0.786s] -- Found ament_cmake: 1.1.6 (/opt/ros/galactic/share/ament_cmake/cmake)
[0.818s] -- Found PythonInterp: /usr/bin/python3 (found suitable version "3.8.10", minimum required is "3") 
[0.819s] -- Using PYTHON_EXECUTABLE: /usr/bin/python3
[0.928s] -- Found ament_lint_auto: 0.10.7 (/opt/ros/galactic/share/ament_lint_auto/cmake)
[1.022s] -- Added test 'copyright' to check source files copyright and LICENSE
[1.027s] -- Added test 'cppcheck' to perform static code analysis on C / C++ code
[1.027s] -- Configured cppcheck include dirs: 
[1.027s] -- Configured cppcheck exclude dirs and/or files: 
[1.031s] -- Added test 'cpplint' to check C / C++ code against the Google style
[1.031s] -- Configured cpplint exclude dirs and/or files: 
[1.033s] -- Added test 'flake8' to check Python code syntax and style conventions
[1.035s] -- Added test 'lint_cmake' to check CMake code style
[1.036s] -- Added test 'pep257' to check Python code against some of the style conventions in PEP 257
[1.041s] -- Added test 'uncrustify' to check C / C++ code style
[1.041s] -- Configured uncrustify additional arguments: 
[1.042s] -- Added test 'xmllint' to check XML markup files
[1.045s] -- Configuring done
[1.046s] -- Generating done
[1.047s] -- Build files have been written to: /home/locobot/interbotix_ws/src/interbotix_ros_rovers/interbotix_ros_xslocobots/interbotix_xslocobot_control/build/interbotix_xslocobot_control
[1.051s] Invoked command in '/home/locobot/interbotix_ws/src/interbotix_ros_rovers/interbotix_ros_xslocobots/interbotix_xslocobot_control/build/interbotix_xslocobot_control' returned '0': CMAKE_PREFIX_PATH=${CMAKE_PREFIX_PATH}:/home/locobot/interbotix_ws/install/interbotix_xs_modules:/home/locobot/interbotix_ws/install/interbotix_perception_modules:/home/locobot/interbotix_ws/install/interbotix_common_modules:/opt/ros/galactic /usr/bin/cmake /home/locobot/interbotix_ws/src/interbotix_ros_rovers/interbotix_ros_xslocobots/interbotix_xslocobot_control -DCMAKE_INSTALL_PREFIX=/home/locobot/interbotix_ws/src/interbotix_ros_rovers/interbotix_ros_xslocobots/interbotix_xslocobot_control/install/interbotix_xslocobot_control
[1.053s] Invoking command in '/home/locobot/interbotix_ws/src/interbotix_ros_rovers/interbotix_ros_xslocobots/interbotix_xslocobot_control/build/interbotix_xslocobot_control': CMAKE_PREFIX_PATH=${CMAKE_PREFIX_PATH}:/home/locobot/interbotix_ws/install/interbotix_xs_modules:/home/locobot/interbotix_ws/install/interbotix_perception_modules:/home/locobot/interbotix_ws/install/interbotix_common_modules:/opt/ros/galactic /usr/bin/cmake --build /home/locobot/interbotix_ws/src/interbotix_ros_rovers/interbotix_ros_xslocobots/interbotix_xslocobot_control/build/interbotix_xslocobot_control -- -j4 -l4
[1.091s] Invoked command in '/home/locobot/interbotix_ws/src/interbotix_ros_rovers/interbotix_ros_xslocobots/interbotix_xslocobot_control/build/interbotix_xslocobot_control' returned '0': CMAKE_PREFIX_PATH=${CMAKE_PREFIX_PATH}:/home/locobot/interbotix_ws/install/interbotix_xs_modules:/home/locobot/interbotix_ws/install/interbotix_perception_modules:/home/locobot/interbotix_ws/install/interbotix_common_modules:/opt/ros/galactic /usr/bin/cmake --build /home/locobot/interbotix_ws/src/interbotix_ros_rovers/interbotix_ros_xslocobots/interbotix_xslocobot_control/build/interbotix_xslocobot_control -- -j4 -l4
[1.124s] Invoking command in '/home/locobot/interbotix_ws/src/interbotix_ros_rovers/interbotix_ros_xslocobots/interbotix_xslocobot_control/build/interbotix_xslocobot_control': CMAKE_PREFIX_PATH=${CMAKE_PREFIX_PATH}:/home/locobot/interbotix_ws/install/interbotix_xs_modules:/home/locobot/interbotix_ws/install/interbotix_perception_modules:/home/locobot/interbotix_ws/install/interbotix_common_modules:/opt/ros/galactic /usr/bin/cmake --install /home/locobot/interbotix_ws/src/interbotix_ros_rovers/interbotix_ros_xslocobots/interbotix_xslocobot_control/build/interbotix_xslocobot_control
[1.134s] -- Install configuration: ""
[1.135s] -- Installing: /home/locobot/interbotix_ws/src/interbotix_ros_rovers/interbotix_ros_xslocobots/interbotix_xslocobot_control/install/interbotix_xslocobot_control/lib/interbotix_xslocobot_control/bartender.py
[1.135s] -- Installing: /home/locobot/interbotix_ws/src/interbotix_ros_rovers/interbotix_ros_xslocobots/interbotix_xslocobot_control/install/interbotix_xslocobot_control/lib/interbotix_xslocobot_control/combo_control.py
[1.135s] -- Installing: /home/locobot/interbotix_ws/src/interbotix_ros_rovers/interbotix_ros_xslocobots/interbotix_xslocobot_control/install/interbotix_xslocobot_control/lib/interbotix_xslocobot_control/ee_cartesian_trajectory.py
[1.135s] -- Installing: /home/locobot/interbotix_ws/src/interbotix_ros_rovers/interbotix_ros_xslocobots/interbotix_xslocobot_control/install/interbotix_xslocobot_control/lib/interbotix_xslocobot_control/ee_pose_components.py
[1.135s] -- Installing: /home/locobot/interbotix_ws/src/interbotix_ros_rovers/interbotix_ros_xslocobots/interbotix_xslocobot_control/install/interbotix_xslocobot_control/lib/interbotix_xslocobot_control/ee_pose_matrix_control.py
[1.135s] -- Installing: /home/locobot/interbotix_ws/src/interbotix_ros_rovers/interbotix_ros_xslocobots/interbotix_xslocobot_control/install/interbotix_xslocobot_control/lib/interbotix_xslocobot_control/gripper_control.py
[1.135s] -- Installing: /home/locobot/interbotix_ws/src/interbotix_ros_rovers/interbotix_ros_xslocobots/interbotix_xslocobot_control/install/interbotix_xslocobot_control/lib/interbotix_xslocobot_control/joint_position_control.py
[1.135s] -- Installing: /home/locobot/interbotix_ws/src/interbotix_ros_rovers/interbotix_ros_xslocobots/interbotix_xslocobot_control/install/interbotix_xslocobot_control/lib/interbotix_xslocobot_control/joint_pwm_control.py
[1.136s] -- Installing: /home/locobot/interbotix_ws/src/interbotix_ros_rovers/interbotix_ros_xslocobots/interbotix_xslocobot_control/install/interbotix_xslocobot_control/lib/interbotix_xslocobot_control/move_base.py
[1.136s] -- Installing: /home/locobot/interbotix_ws/src/interbotix_ros_rovers/interbotix_ros_xslocobots/interbotix_xslocobot_control/install/interbotix_xslocobot_control/lib/interbotix_xslocobot_control/pan_tilt_control.py
[1.136s] -- Installing: /home/locobot/interbotix_ws/src/interbotix_ros_rovers/interbotix_ros_xslocobots/interbotix_xslocobot_control/install/interbotix_xslocobot_control/share/interbotix_xslocobot_control//config
[1.136s] -- Installing: /home/locobot/interbotix_ws/src/interbotix_ros_rovers/interbotix_ros_xslocobots/interbotix_xslocobot_control/install/interbotix_xslocobot_control/share/interbotix_xslocobot_control//config/locobot_wx200.yaml
[1.136s] -- Installing: /home/locobot/interbotix_ws/src/interbotix_ros_rovers/interbotix_ros_xslocobots/interbotix_xslocobot_control/install/interbotix_xslocobot_control/share/interbotix_xslocobot_control//config/rs_camera.yaml
[1.136s] -- Installing: /home/locobot/interbotix_ws/src/interbotix_ros_rovers/interbotix_ros_xslocobots/interbotix_xslocobot_control/install/interbotix_xslocobot_control/share/interbotix_xslocobot_control//config/kobuki_node_params.yaml
[1.137s] -- Installing: /home/locobot/interbotix_ws/src/interbotix_ros_rovers/interbotix_ros_xslocobots/interbotix_xslocobot_control/install/interbotix_xslocobot_control/share/interbotix_xslocobot_control//config/locobot_base.yaml
[1.137s] -- Installing: /home/locobot/interbotix_ws/src/interbotix_ros_rovers/interbotix_ros_xslocobots/interbotix_xslocobot_control/install/interbotix_xslocobot_control/share/interbotix_xslocobot_control//config/modes_base.yaml
[1.137s] -- Installing: /home/locobot/interbotix_ws/src/interbotix_ros_rovers/interbotix_ros_xslocobots/interbotix_xslocobot_control/install/interbotix_xslocobot_control/share/interbotix_xslocobot_control//config/locobot_px100.yaml
[1.137s] -- Installing: /home/locobot/interbotix_ws/src/interbotix_ros_rovers/interbotix_ros_xslocobots/interbotix_xslocobot_control/install/interbotix_xslocobot_control/share/interbotix_xslocobot_control//config/locobot_wx250s.yaml
[1.137s] -- Installing: /home/locobot/interbotix_ws/src/interbotix_ros_rovers/interbotix_ros_xslocobots/interbotix_xslocobot_control/install/interbotix_xslocobot_control/share/interbotix_xslocobot_control//config/modes_all.yaml
[1.137s] -- Installing: /home/locobot/interbotix_ws/src/interbotix_ros_rovers/interbotix_ros_xslocobots/interbotix_xslocobot_control/install/interbotix_xslocobot_control/share/interbotix_xslocobot_control//config/tf_rebroadcaster.yaml
[1.137s] -- Installing: /home/locobot/interbotix_ws/src/interbotix_ros_rovers/interbotix_ros_xslocobots/interbotix_xslocobot_control/install/interbotix_xslocobot_control/share/interbotix_xslocobot_control//launch
[1.137s] -- Installing: /home/locobot/interbotix_ws/src/interbotix_ros_rovers/interbotix_ros_xslocobots/interbotix_xslocobot_control/install/interbotix_xslocobot_control/share/interbotix_xslocobot_control//launch/xslocobot_control.launch.py
[1.138s] -- Installing: /home/locobot/interbotix_ws/src/interbotix_ros_rovers/interbotix_ros_xslocobots/interbotix_xslocobot_control/install/interbotix_xslocobot_control/share/ament_index/resource_index/package_run_dependencies/interbotix_xslocobot_control
[1.138s] -- Installing: /home/locobot/interbotix_ws/src/interbotix_ros_rovers/interbotix_ros_xslocobots/interbotix_xslocobot_control/install/interbotix_xslocobot_control/share/ament_index/resource_index/parent_prefix_path/interbotix_xslocobot_control
[1.138s] -- Installing: /home/locobot/interbotix_ws/src/interbotix_ros_rovers/interbotix_ros_xslocobots/interbotix_xslocobot_control/install/interbotix_xslocobot_control/share/interbotix_xslocobot_control/environment/ament_prefix_path.sh
[1.138s] -- Installing: /home/locobot/interbotix_ws/src/interbotix_ros_rovers/interbotix_ros_xslocobots/interbotix_xslocobot_control/install/interbotix_xslocobot_control/share/interbotix_xslocobot_control/environment/ament_prefix_path.dsv
[1.138s] -- Installing: /home/locobot/interbotix_ws/src/interbotix_ros_rovers/interbotix_ros_xslocobots/interbotix_xslocobot_control/install/interbotix_xslocobot_control/share/interbotix_xslocobot_control/environment/path.sh
[1.138s] -- Installing: /home/locobot/interbotix_ws/src/interbotix_ros_rovers/interbotix_ros_xslocobots/interbotix_xslocobot_control/install/interbotix_xslocobot_control/share/interbotix_xslocobot_control/environment/path.dsv
[1.138s] -- Installing: /home/locobot/interbotix_ws/src/interbotix_ros_rovers/interbotix_ros_xslocobots/interbotix_xslocobot_control/install/interbotix_xslocobot_control/share/interbotix_xslocobot_control/local_setup.bash
[1.138s] -- Installing: /home/locobot/interbotix_ws/src/interbotix_ros_rovers/interbotix_ros_xslocobots/interbotix_xslocobot_control/install/interbotix_xslocobot_control/share/interbotix_xslocobot_control/local_setup.sh
[1.139s] -- Installing: /home/locobot/interbotix_ws/src/interbotix_ros_rovers/interbotix_ros_xslocobots/interbotix_xslocobot_control/install/interbotix_xslocobot_control/share/interbotix_xslocobot_control/local_setup.zsh
[1.139s] -- Installing: /home/locobot/interbotix_ws/src/interbotix_ros_rovers/interbotix_ros_xslocobots/interbotix_xslocobot_control/install/interbotix_xslocobot_control/share/interbotix_xslocobot_control/local_setup.dsv
[1.139s] -- Installing: /home/locobot/interbotix_ws/src/interbotix_ros_rovers/interbotix_ros_xslocobots/interbotix_xslocobot_control/install/interbotix_xslocobot_control/share/interbotix_xslocobot_control/package.dsv
[1.139s] -- Installing: /home/locobot/interbotix_ws/src/interbotix_ros_rovers/interbotix_ros_xslocobots/interbotix_xslocobot_control/install/interbotix_xslocobot_control/share/ament_index/resource_index/packages/interbotix_xslocobot_control
[1.139s] -- Installing: /home/locobot/interbotix_ws/src/interbotix_ros_rovers/interbotix_ros_xslocobots/interbotix_xslocobot_control/install/interbotix_xslocobot_control/share/interbotix_xslocobot_control/cmake/interbotix_xslocobot_controlConfig.cmake
[1.139s] -- Installing: /home/locobot/interbotix_ws/src/interbotix_ros_rovers/interbotix_ros_xslocobots/interbotix_xslocobot_control/install/interbotix_xslocobot_control/share/interbotix_xslocobot_control/cmake/interbotix_xslocobot_controlConfig-version.cmake
[1.139s] -- Installing: /home/locobot/interbotix_ws/src/interbotix_ros_rovers/interbotix_ros_xslocobots/interbotix_xslocobot_control/install/interbotix_xslocobot_control/share/interbotix_xslocobot_control/package.xml
[1.141s] Invoked command in '/home/locobot/interbotix_ws/src/interbotix_ros_rovers/interbotix_ros_xslocobots/interbotix_xslocobot_control/build/interbotix_xslocobot_control' returned '0': CMAKE_PREFIX_PATH=${CMAKE_PREFIX_PATH}:/home/locobot/interbotix_ws/install/interbotix_xs_modules:/home/locobot/interbotix_ws/install/interbotix_perception_modules:/home/locobot/interbotix_ws/install/interbotix_common_modules:/opt/ros/galactic /usr/bin/cmake --install /home/locobot/interbotix_ws/src/interbotix_ros_rovers/interbotix_ros_xslocobots/interbotix_xslocobot_control/build/interbotix_xslocobot_control
